C51 COMPILER V9.60.0.0   REF_SYS                                                           11/21/2020 19:56:26 PAGE 1   


C51 COMPILER V9.60.0.0, COMPILATION OF MODULE REF_SYS
OBJECT MODULE PLACED IN .\Objects\Ref_Sys.obj
COMPILER INVOKED BY: C:\Keil_v5\C51\BIN\C51.EXE Ref_Sys.c OPTIMIZE(8,SPEED) BROWSE DEBUG OBJECTEXTEND PRINT(.\Listings\R
                    -ef_Sys.lst) TABS(2) OBJECT(.\Objects\Ref_Sys.obj)

line level    source

   1          #include <uart2.h>
   2          #include <wifi.h>
   3          
   4          extern unsigned char msg[8];
   5          
   6          void calculate8()
   7          {unsigned char i;
   8   1        msg[7]=0;
   9   1        for (i=0;i<7;i++)   msg[7] += msg[i];
  10   1      }
  11          void sendmop()
  12          {
  13   1        unsigned char i;
  14   1        for (i=2;i<7;i++)  msg[i] = 0;
  15   1        calculate8();
  16   1        wifisend(msg);
  17   1      }
  18          void sendnum(unsigned char x)
  19          { unsigned char i;
  20   1        msg[2]=5;
  21   1        msg[3]=x;
  22   1        for (i=4;i<7;i++) msg[i]=0;
  23   1        calculate8();
  24   1        wifisend(msg);
  25   1      
  26   1      }
  27          
  28          
  29          bit checkRec()
  30          { 
  31   1        unsigned char i;
  32   1        unsigned char ans;
  33   1        ans=0;
  34   1        
  35   1        for (i=0;i<7;i++) ans+=buffer2[i];
  36   1        if (ans == buffer2[7] && buffer2[0] == 0x7A )  return(1);
  37   1        return(0);
  38   1      }


MODULE INFORMATION:   STATIC OVERLAYABLE
   CODE SIZE        =    143    ----
   CONSTANT SIZE    =   ----    ----
   XDATA SIZE       =   ----    ----
   PDATA SIZE       =   ----    ----
   DATA SIZE        =   ----    ----
   IDATA SIZE       =   ----    ----
   BIT SIZE         =   ----    ----
END OF MODULE INFORMATION.


C51 COMPILATION COMPLETE.  0 WARNING(S),  0 ERROR(S)
