C51 COMPILER V9.60.0.0   UART2                                                             11/21/2020 19:56:25 PAGE 1   


C51 COMPILER V9.60.0.0, COMPILATION OF MODULE UART2
OBJECT MODULE PLACED IN .\Objects\uart2.obj
COMPILER INVOKED BY: C:\Keil_v5\C51\BIN\C51.EXE uart2.c OPTIMIZE(8,SPEED) BROWSE DEBUG OBJECTEXTEND PRINT(.\Listings\uar
                    -t2.lst) TABS(2) OBJECT(.\Objects\uart2.obj)

line level    source

   1          #include <intrins.h>
   2          #include <stc8.h>
   3          
   4          
   5          bit busy2=0;
   6          char wptr2=0;
   7          char buffer2[8];
   8          
   9          char readflag2=0;    //    =1 is reading    =0 havecheck =2  have read not check
  10          
  11          static bit finishK=0;
  12          
  13          
  14          bit checkok(void)
  15          {
  16   1          bit s=finishK;
  17   1          finishK = 0;
  18   1          return(s);
  19   1      }
  20          
  21          void Uart2Init(void)
  22          {
  23   1        S2CON = 0x50;
  24   1        AUXR |= 0x14;
  25   1        T2L = 0xE8;
  26   1        T2H = 0xFF;
  27   1        wptr2 = 0x00;
  28   1        busy2 = 0;
  29   1      }
  30          
  31          void Uart2Isr() interrupt 8
  32          {
  33   1          if (S2CON & 0x02)       //Ti2
  34   1          {
  35   2              S2CON &= ~0x02;
  36   2              busy2=0;
  37   2          }
  38   1          if (S2CON & 0x01)      // Ri2
  39   1          {
  40   2              unsigned char s=S2BUF;
  41   2              S2CON &=~0x01;
  42   2              if (readflag2 == 1)
  43   2                  buffer2[wptr2++] = s;
  44   2              else {
  45   3                  if (s == 'K') finishK = 1;
  46   3                  if (s == 0x7A) {readflag2 = 1; buffer2[wptr2++] = s;}
  47   3              }
  48   2              if (wptr2 == 8)
  49   2              {
  50   3                readflag2 = 2;
  51   3                wptr2 = 0;
  52   3              }
  53   2                
  54   2              
C51 COMPILER V9.60.0.0   UART2                                                             11/21/2020 19:56:25 PAGE 2   

  55   2            
  56   2          }
  57   1      }
  58          
  59          void Uart2Send(char dat)
  60          {
  61   1          while(busy2);
  62   1          busy2 = 1;
  63   1          S2BUF = dat;
  64   1      }
  65          
  66          void Uart2SendStr(char *p)
  67          {
  68   1          while(*p)
  69   1          {
  70   2              Uart2Send(*p++);
  71   2          }
  72   1      }
  73          
  74          void Uart2SendMsg(char *p)
  75          {
  76   1          unsigned char i;
  77   1          for (i=0;i<8;i++) Uart2Send(*p++);
  78   1      }


MODULE INFORMATION:   STATIC OVERLAYABLE
   CODE SIZE        =    213    ----
   CONSTANT SIZE    =   ----    ----
   XDATA SIZE       =   ----    ----
   PDATA SIZE       =   ----    ----
   DATA SIZE        =     10       7
   IDATA SIZE       =   ----    ----
   BIT SIZE         =      2       1
END OF MODULE INFORMATION.


C51 COMPILATION COMPLETE.  0 WARNING(S),  0 ERROR(S)
