C51 COMPILER V9.60.0.0   MAIN                                                              01/10/2021 10:06:44 PAGE 1   


C51 COMPILER V9.60.0.0, COMPILATION OF MODULE MAIN
OBJECT MODULE PLACED IN .\Objects\main.obj
COMPILER INVOKED BY: C:\Keil_v5\C51\BIN\C51.EXE main.c OPTIMIZE(8,SPEED) BROWSE DEBUG OBJECTEXTEND PRINT(.\Listings\main
                    -.lst) TABS(2) OBJECT(.\Objects\main.obj)

line level    source

   1          #include <uart1.h>
   2          #include <intrins.h>
   3          #include <stc8.h>
   4          #include <uart2.h>
   5          #include <led_task.h>
   6          #include <Ref_Sys.h>
   7          #include <wifi.h>
   8          
   9          
  10          sbit DO = P1^6;//Êý¾ÝÊä³ö
  11          sbit key = P1^7;
  12          sbit gnd = P0^0;
  13          unsigned char msg[8];
  14          unsigned char i,j;
  15          void main()
  16          {   
  17   1          
  18   1          
  19   1          while(1){
  20   2            
  21   2            
  22   2          Display_jiantou();
  23   2        delays(100);
  24   2        
  25   2      
  26   2      
  27   2          }
  28   1          
  29   1          
  30   1          
  31   1          
  32   1      }
  33          
  34          
  35          
  36          
  37          


MODULE INFORMATION:   STATIC OVERLAYABLE
   CODE SIZE        =     12    ----
   CONSTANT SIZE    =   ----    ----
   XDATA SIZE       =   ----    ----
   PDATA SIZE       =   ----    ----
   DATA SIZE        =     10    ----
   IDATA SIZE       =   ----    ----
   BIT SIZE         =   ----    ----
END OF MODULE INFORMATION.


C51 COMPILATION COMPLETE.  0 WARNING(S),  0 ERROR(S)
